+++ dirname /opt/slurm/data/slurmd/job67393/slurm_script
++ cd /opt/slurm/data/slurmd/job67393
++ pwd
+ SCRIPT_DIR=/opt/slurm/data/slurmd/job67393
+ SUBMIT_DIR=/home/dk5268/decision-pretrained-transformer
+ '[' -f /home/dk5268/decision-pretrained-transformer/collect_data.py ']'
+ '[' -f /home/dk5268/decision-pretrained-transformer/train.py ']'
+ PROJECT_ROOT=/home/dk5268/decision-pretrained-transformer
+ cd /home/dk5268/decision-pretrained-transformer
+ export PYTHONPATH=/home/dk5268/decision-pretrained-transformer:
+ PYTHONPATH=/home/dk5268/decision-pretrained-transformer:
+ mkdir -p logs
+ export CUDA_VISIBLE_DEVICES=0
+ CUDA_VISIBLE_DEVICES=0
+ echo 'Starting online bandit training job'
+ echo 'Project root: /home/dk5268/decision-pretrained-transformer'
++ pwd
+ echo 'Working directory: /home/dk5268/decision-pretrained-transformer'
+ echo 'CUDA devices: 0'
+ echo 'Training online model...'
+ python3 train_online.py --env bandit --envs 1000 --H 100 --dim 5 --var 0.3 --cov 0.0 --lr 0.0001 --layer 4 --head 4 --shuffle --seed 1 --samples_per_iter 64 --samples 10000 --num_epochs 10
Gym has been unmaintained since 2022 and does not support NumPy 2.0 amongst other critical functionality.
Please upgrade to Gymnasium, the maintained drop-in replacement of Gym, or contact the authors of your software and request that they upgrade.
See the migration guide at https://gymnasium.farama.org/introduction/migration_guide/ for additional information.
[2025-09-27T15:22:51.823] error: *** JOB 67393 ON gl068 CANCELLED AT 2025-09-27T15:22:51 DUE to SIGNAL Terminated ***
